{"/Users/rain/Documents/repositorios/ts-vite-react-boilerplate/src/components/input/input.tsx": {"path":"/Users/rain/Documents/repositorios/ts-vite-react-boilerplate/src/components/input/input.tsx","statementMap":{"0":{"start":{"line":2,"column":0},"end":{"line":2,"column":null}},"1":{"start":{"line":15,"column":17},"end":{"line":15,"column":40}},"2":{"start":{"line":17,"column":2},"end":{"line":33,"column":null}},"3":{"start":{"line":14,"column":0},"end":{"line":14,"column":16}}},"fnMap":{"0":{"name":"Input","decl":{"start":{"line":14,"column":16},"end":{"line":14,"column":21}},"loc":{"start":{"line":14,"column":56},"end":{"line":34,"column":1}}}},"branchMap":{"0":{"loc":{"start":{"line":29,"column":21},"end":{"line":29,"column":34}},"type":"cond-expr","locations":[{"start":{"line":29,"column":28},"end":{"line":29,"column":30}},{"start":{"line":29,"column":33},"end":{"line":29,"column":34}}]}},"s":{"0":1,"1":2,"2":2,"3":1},"f":{"0":2},"b":{"0":[1,1]}}
,"/Users/rain/Documents/repositorios/ts-vite-react-boilerplate/src/tests/i18n.ts": {"path":"/Users/rain/Documents/repositorios/ts-vite-react-boilerplate/src/tests/i18n.ts","statementMap":{"0":{"start":{"line":1,"column":0},"end":{"line":1,"column":35}},"1":{"start":{"line":2,"column":0},"end":{"line":2,"column":48}},"2":{"start":{"line":4,"column":0},"end":{"line":11,"column":null}},"3":{"start":{"line":13,"column":13},"end":{"line":13,"column":null}}},"fnMap":{},"branchMap":{},"s":{"0":2,"1":2,"2":2,"3":2},"f":{},"b":{}}
,"/Users/rain/Documents/repositorios/ts-vite-react-boilerplate/src/utils/sum/index.ts": {"path":"/Users/rain/Documents/repositorios/ts-vite-react-boilerplate/src/utils/sum/index.ts","statementMap":{"0":{"start":{"line":1,"column":0},"end":{"line":1,"column":21}}},"fnMap":{},"branchMap":{},"s":{"0":1},"f":{},"b":{}}
,"/Users/rain/Documents/repositorios/ts-vite-react-boilerplate/src/utils/sum/sum.ts": {"path":"/Users/rain/Documents/repositorios/ts-vite-react-boilerplate/src/utils/sum/sum.ts","statementMap":{"0":{"start":{"line":1,"column":19},"end":{"line":1,"column":50}},"1":{"start":{"line":1,"column":45},"end":{"line":1,"column":50}},"2":{"start":{"line":1,"column":13},"end":{"line":1,"column":19}}},"fnMap":{"0":{"name":"(anonymous_0)","decl":{"start":{"line":1,"column":19},"end":{"line":1,"column":20}},"loc":{"start":{"line":1,"column":45},"end":{"line":1,"column":50}}}},"branchMap":{},"s":{"0":1,"1":1,"2":1},"f":{"0":1},"b":{}}
}
